<?xml version="1.0" encoding="UTF-8"?>
<testsuite xmlns:xsi="http://www.w3.org/2001/XMLSchema-instance" xsi:noNamespaceSchemaLocation="https://maven.apache.org/surefire/maven-surefire-plugin/xsd/surefire-test-report-3.0.xsd" version="3.0" name="com.example.discoveryserver.DiscoveryServerApplicationTests" time="5.899" tests="1" errors="0" skipped="0" failures="0">
  <properties>
[...]
</properties>
  <testcase name="contextLoads" classname="com.example.discoveryserver.DiscoveryServerApplicationTests" time="0.929">
    <system-out><![CDATA[22:50:47.706 [main] INFO org.springframework.test.context.support.AnnotationConfigContextLoaderUtils -- Could not detect default configuration classes for test class [com.example.discoveryserver.DiscoveryServerApplicationTests]: DiscoveryServerApplicationTests does not declare any static, non-private, non-final, nested classes annotated with @Configuration.
22:50:47.813 [main] INFO org.springframework.boot.test.context.SpringBootTestContextBootstrapper -- Found @SpringBootConfiguration com.example.discoveryserver.DiscoveryServerApplication for test class com.example.discoveryserver.DiscoveryServerApplicationTests

  .   ____          _            __ _ _
 /\\ / ___'_ __ _ _(_)_ __  __ _ \ \ \ \
( ( )\___ | '_ | '_| | '_ \/ _` | \ \ \ \
 \\/  ___)| |_)| | | | | || (_| |  ) ) ) )
  '  |____| .__|_| |_|_| |_\__, | / / / /
 =========|_|==============|___/=/_/_/_/
 :: Spring Boot ::                (v3.2.0)

2024-07-05T22:50:48.485+01:00  INFO 22612 --- [           main] c.e.d.DiscoveryServerApplicationTests    : Starting DiscoveryServerApplicationTests using Java 18 with PID 22612 (started by hayth in C:\Users\hayth\IdeaProjects\Micro-Service\Discovery-server)
2024-07-05T22:50:48.486+01:00  INFO 22612 --- [           main] c.e.d.DiscoveryServerApplicationTests    : No active profile set, falling back to 1 default profile: "default"
2024-07-05T22:50:49.968+01:00  INFO 22612 --- [           main] o.s.cloud.context.scope.GenericScope     : BeanFactory id=0ad23ca2-a9a1-32bc-9461-e168b74b4c0b
2024-07-05T22:50:50.091+01:00  WARN 22612 --- [           main] trationDelegate$BeanPostProcessorChecker : Bean 'org.springframework.cloud.client.loadbalancer.LoadBalancerAutoConfiguration$DeferringLoadBalancerInterceptorConfig' of type [org.springframework.cloud.client.loadbalancer.LoadBalancerAutoConfiguration$DeferringLoadBalancerInterceptorConfig] is not eligible for getting processed by all BeanPostProcessors (for example: not eligible for auto-proxying). The currently created BeanPostProcessor [lbRestClientPostProcessor] is declared through a non-static factory method on that class; consider declaring it as static instead.
2024-07-05T22:50:50.095+01:00  WARN 22612 --- [           main] trationDelegate$BeanPostProcessorChecker : Bean 'deferringLoadBalancerInterceptor' of type [org.springframework.cloud.client.loadbalancer.DeferringLoadBalancerInterceptor] is not eligible for getting processed by all BeanPostProcessors (for example: not eligible for auto-proxying). Is this bean getting eagerly injected into a currently created BeanPostProcessor [lbRestClientPostProcessor]? Check the corresponding BeanPostProcessor declaration and its dependencies.
2024-07-05T22:50:51.775+01:00  WARN 22612 --- [           main] iguration$LoadBalancerCaffeineWarnLogger : Spring Cloud LoadBalancer is currently working with the default cache. While this cache implementation is useful for development and tests, it's recommended to use Caffeine cache in production.You can switch to using Caffeine cache, by adding it and org.springframework.cache.caffeine.CaffeineCacheManager to the classpath.
2024-07-05T22:50:52.070+01:00  INFO 22612 --- [           main] o.s.c.n.eureka.InstanceInfoFactory       : Setting initial instance status as: STARTING
2024-07-05T22:50:52.101+01:00  INFO 22612 --- [           main] com.netflix.discovery.DiscoveryClient    : Initializing Eureka in region us-east-1
2024-07-05T22:50:52.102+01:00  INFO 22612 --- [           main] com.netflix.discovery.DiscoveryClient    : Client configured to neither register nor query for data.
2024-07-05T22:50:52.110+01:00  INFO 22612 --- [           main] com.netflix.discovery.DiscoveryClient    : Discovery Client initialized at timestamp 1720216252109 with initial instances count: 0
2024-07-05T22:50:52.148+01:00  INFO 22612 --- [           main] c.n.eureka.DefaultEurekaServerContext    : Initializing ...
2024-07-05T22:50:52.150+01:00  WARN 22612 --- [           main] c.n.eureka.cluster.PeerEurekaNodes       : The replica size seems to be empty. Check the route 53 DNS Registry
2024-07-05T22:50:52.223+01:00  INFO 22612 --- [           main] c.n.e.registry.AbstractInstanceRegistry  : Finished initializing remote region registries. All known remote regions: []
2024-07-05T22:50:52.224+01:00  INFO 22612 --- [           main] c.n.eureka.DefaultEurekaServerContext    : Initialized
2024-07-05T22:50:52.336+01:00  INFO 22612 --- [           main] o.s.b.a.e.web.EndpointLinksResolver      : Exposing 1 endpoint(s) beneath base path '/actuator'
2024-07-05T22:50:52.392+01:00  INFO 22612 --- [           main] o.s.c.n.e.s.EurekaServiceRegistry        : Registering application UNKNOWN with eureka with status UP
2024-07-05T22:50:52.405+01:00  INFO 22612 --- [      Thread-10] o.s.c.n.e.server.EurekaServerBootstrap   : isAws returned false
2024-07-05T22:50:52.406+01:00  INFO 22612 --- [      Thread-10] o.s.c.n.e.server.EurekaServerBootstrap   : Initialized server context
2024-07-05T22:50:52.406+01:00  INFO 22612 --- [      Thread-10] c.n.e.r.PeerAwareInstanceRegistryImpl    : Got 1 instances from neighboring DS node
2024-07-05T22:50:52.406+01:00  INFO 22612 --- [      Thread-10] c.n.e.r.PeerAwareInstanceRegistryImpl    : Renew threshold is: 1
2024-07-05T22:50:52.407+01:00  INFO 22612 --- [      Thread-10] c.n.e.r.PeerAwareInstanceRegistryImpl    : Changing status to UP
2024-07-05T22:50:52.428+01:00  INFO 22612 --- [           main] c.e.d.DiscoveryServerApplicationTests    : Started DiscoveryServerApplicationTests in 4.468 seconds (process running for 5.554)
2024-07-05T22:50:52.429+01:00  INFO 22612 --- [      Thread-10] e.s.EurekaServerInitializerConfiguration : Started Eureka Server
]]></system-out>
  </testcase>
</testsuite>